<?xml version="1.0" encoding="UTF-8"?>
<!-- Generated by org.testng.reporters.JUnitXMLReporter -->
<testsuite ignored="0" hostname="HP-Pavilion" failures="0" tests="2" name="validating Log With different data" time="0.045" errors="0" timestamp="2022-08-03T12:13:16 IST">
  <testcase classname="academy.HomePageTest" name="@BeforeTest initilizeandlaunch" time="0.008">
    <failure type="java.lang.NullPointerException" message="Cannot invoke &amp;quot;String.contains(java.lang.CharSequence)&amp;quot; because &amp;quot;browsername&amp;quot; is null">
      <![CDATA[java.lang.NullPointerException: Cannot invoke "String.contains(java.lang.CharSequence)" because "browsername" is null
at resources.Base.initilizeDriver(Base.java:34)
at academy.HomePageTest.initilizeandlaunch(HomePageTest.java:25)
at java.base/java.util.concurrent.FutureTask.run(FutureTask.java:264)
at java.base/java.util.concurrent.ThreadPoolExecutor.runWorker(ThreadPoolExecutor.java:1130)
at java.base/java.util.concurrent.ThreadPoolExecutor$Worker.run(ThreadPoolExecutor.java:630)
at java.base/java.lang.Thread.run(Thread.java:832)
... Removed 15 stack frames]]>
    </failure>
  </testcase> <!-- @BeforeTest initilizeandlaunch -->
  <testcase classname="academy.ValidateTitleTest" name="@BeforeTest initilizeandlaunch" time="0.008">
    <failure type="java.lang.NullPointerException" message="Cannot invoke &amp;quot;String.contains(java.lang.CharSequence)&amp;quot; because &amp;quot;browsername&amp;quot; is null">
      <![CDATA[java.lang.NullPointerException: Cannot invoke "String.contains(java.lang.CharSequence)" because "browsername" is null
at resources.Base.initilizeDriver(Base.java:34)
at academy.ValidateTitleTest.initilizeandlaunch(ValidateTitleTest.java:21)
at java.base/java.util.concurrent.FutureTask.run(FutureTask.java:264)
at java.base/java.util.concurrent.ThreadPoolExecutor.runWorker(ThreadPoolExecutor.java:1130)
at java.base/java.util.concurrent.ThreadPoolExecutor$Worker.run(ThreadPoolExecutor.java:630)
at java.base/java.lang.Thread.run(Thread.java:832)
... Removed 15 stack frames]]>
    </failure>
  </testcase> <!-- @BeforeTest initilizeandlaunch -->
  <testcase classname="academy.ValidateTitleTest" name="@AfterTest TeardownEnv" time="-1.659508996171E9">
    <skipped/>
  </testcase> <!-- @AfterTest TeardownEnv -->
  <testcase classname="academy.HomePageTest" name="@AfterTest TeardownEnv" time="-1.659508996173E9">
    <skipped/>
  </testcase> <!-- @AfterTest TeardownEnv -->
  <testcase classname="academy.HomePageTest" name="basepagenavigation" time="0.0">
    <skipped/>
  </testcase> <!-- basepagenavigation -->
  <testcase classname="academy.HomePageTest" name="basepagenavigation" time="0.0">
    <skipped/>
  </testcase> <!-- basepagenavigation -->
</testsuite> <!-- validating Log With different data -->
